<?xml version="1.0" encoding="UTF-8"?>
<!-- Generated by org.testng.reporters.JUnitReportReporter -->
<testsuite hostname="LAPTOP-GAUPM6CM" failures="0" tests="1" name="testcases.regression.ValidateLoginUsingPOM" time="11.862" errors="0" timestamp="2024-09-05T09:59:45 IST" skipped="0">
  <testcase classname="testcases.regression.ValidateLoginUsingPOM" name="validateLoginTest1" time="11.862"/>
  <system-out/>
</testsuite> <!-- testcases.regression.ValidateLoginUsingPOM -->
