<?xml version="1.0" encoding="UTF-8"?>
<!-- Generated by org.testng.reporters.JUnitReportReporter -->
<testsuite hostname="LAPTOP-GAUPM6CM" failures="0" tests="1" name="testcases.regression.ValidateSearchHotelUsingHybrid1" time="18.305" errors="0" timestamp="2024-09-05T09:25:24 IST" skipped="0">
  <testcase classname="testcases.regression.ValidateSearchHotelUsingHybrid1" name="validateLoginTest1" time="18.305"/>
  <system-out/>
</testsuite> <!-- testcases.regression.ValidateSearchHotelUsingHybrid1 -->
