<?xml version="1.0" encoding="UTF-8"?>
<!-- Generated by org.testng.reporters.JUnitReportReporter -->
<testsuite hostname="LAPTOP-GAUPM6CM" failures="0" tests="1" name="testcases.regression.ValidateLoginUsingDataProviderExcel" time="9.976" errors="0" timestamp="2024-09-02T09:47:18 IST" skipped="0">
  <testcase classname="testcases.regression.ValidateLoginUsingDataProviderExcel" name="validateLoginTest1" time="9.976"/>
  <system-out/>
</testsuite> <!-- testcases.regression.ValidateLoginUsingDataProviderExcel -->
