<?xml version="1.0" encoding="UTF-8"?>
<!-- Generated by org.testng.reporters.JUnitReportReporter -->
<testsuite hostname="LAPTOP-GAUPM6CM" failures="0" tests="1" name="testcases.regression.ValidateLoginTC002" time="7.950" errors="0" timestamp="2024-09-02T09:48:15 IST" skipped="0">
  <testcase classname="testcases.regression.ValidateLoginTC002" name="validateLoginTest1" time="7.950"/>
  <system-out/>
</testsuite> <!-- testcases.regression.ValidateLoginTC002 -->
