<?xml version="1.0" encoding="UTF-8"?>
<!-- Generated by org.testng.reporters.JUnitReportReporter -->
<testsuite hostname="LAPTOP-GAUPM6CM" failures="0" tests="1" name="testcases.regression.ValidateLoginTC005" time="8.163" errors="0" timestamp="2024-09-02T09:53:44 IST" skipped="0">
  <testcase classname="testcases.regression.ValidateLoginTC005" name="validateLoginTest1" time="8.163"/>
  <system-out/>
</testsuite> <!-- testcases.regression.ValidateLoginTC005 -->
