<?xml version="1.0" encoding="UTF-8"?>
<!-- Generated by org.testng.reporters.JUnitReportReporter -->
<testsuite hostname="DESKTOP-1Q4TBKT" failures="0" tests="1" name="testcases.regression.ValidateRegistration" time="10.474" errors="0" timestamp="2024-09-11T09:58:59 IST" skipped="0">
  <testcase classname="testcases.regression.ValidateRegistration" name="validateRegistrationTest" time="10.474"/>
  <system-out/>
</testsuite> <!-- testcases.regression.ValidateRegistration -->
