<?xml version="1.0" encoding="UTF-8"?>
<!-- Generated by org.testng.reporters.JUnitReportReporter -->
<testsuite hostname="LAPTOP-GAUPM6CM" failures="0" tests="4" name="testcases.regression.ValidateLogin" time="30.260" errors="0" timestamp="2024-08-30T10:25:42 IST" skipped="0">
  <testcase classname="testcases.regression.ValidateLogin" name="validateLoginTest2" time="7.176"/>
  <system-out/>
  <testcase classname="testcases.regression.ValidateLogin" name="validateLoginTest3" time="7.443"/>
  <system-out/>
  <testcase classname="testcases.regression.ValidateLogin" name="validateLoginTest1" time="7.549"/>
  <system-out/>
  <testcase classname="testcases.regression.ValidateLogin" name="validateLoginTest4" time="8.092"/>
  <system-out/>
</testsuite> <!-- testcases.regression.ValidateLogin -->
