<?xml version="1.0" encoding="UTF-8"?>
<!-- Generated by org.testng.reporters.JUnitReportReporter -->
<testsuite hostname="LAPTOP-GAUPM6CM" failures="0" tests="1" name="testcases.regression.ValidateLoginUsingKeyword" time="8.514" errors="0" timestamp="2024-09-04T09:59:22 IST" skipped="0">
  <testcase classname="testcases.regression.ValidateLoginUsingKeyword" name="validateLoginTest1" time="8.514"/>
  <system-out/>
</testsuite> <!-- testcases.regression.ValidateLoginUsingKeyword -->
