<?xml version="1.0" encoding="UTF-8"?>
<!-- Generated by org.testng.reporters.JUnitReportReporter -->
<testsuite hostname="LAPTOP-GAUPM6CM" failures="0" tests="1" name="testcases.regression.ValidateLoginUsingPOMandDataProvider" time="12.218" errors="0" timestamp="2024-09-05T09:57:42 IST" skipped="0">
  <testcase classname="testcases.regression.ValidateLoginUsingPOMandDataProvider" name="validateLoginTest1" time="12.218"/>
  <system-out/>
</testsuite> <!-- testcases.regression.ValidateLoginUsingPOMandDataProvider -->
