<?xml version="1.0" encoding="UTF-8"?>
<!-- Generated by org.testng.reporters.JUnitReportReporter -->
<testsuite hostname="LAPTOP-GAUPM6CM" failures="0" tests="4" name="testcases.regression.ValidateLoginUsingDataProvider" time="29.395" errors="0" timestamp="2024-08-30T10:36:03 IST" skipped="0">
  <testcase classname="testcases.regression.ValidateLoginUsingDataProvider" name="validateLoginTest1" time="6.907"/>
  <system-out/>
  <testcase classname="testcases.regression.ValidateLoginUsingDataProvider" name="validateLoginTest1" time="7.352"/>
  <system-out/>
  <testcase classname="testcases.regression.ValidateLoginUsingDataProvider" name="validateLoginTest1" time="7.347"/>
  <system-out/>
  <testcase classname="testcases.regression.ValidateLoginUsingDataProvider" name="validateLoginTest1" time="7.789"/>
  <system-out/>
</testsuite> <!-- testcases.regression.ValidateLoginUsingDataProvider -->
